1595485562756:sb
1595485954363:i 'test' 'test'
1595485974561:ib 't' 't'
1595486013749:ib 't' 't' 't'
1595486025202:stacktrace
1595486324421:ib 'tt' 'tt' 'tt'
1595486346987:fcid 5
1595603658106:bs
1595603663001:sb
1595758543829:sc
1595758549809:stacktrace
1595758676461:sc
1595758793983:stacktrace
1595759105657:sc
1595789590085:fcn 'Misery'
1595789615859:stacktrace
1595790293710:fbname 'Misery'
1595790300191:stacktrace
1595791773324:fbname 'Misery'
1595791822409:fcn 'Misery'
1595791829130:stacktrace
1596288667423:fcid 2
